::1 - - [02/Dec/2025 13:55:33] "GET /pages/main.html HTTP/1.1" 200 -
::1 - - [02/Dec/2025 13:55:33] "GET /assets/css/styles.css HTTP/1.1" 304 -
::1 - - [02/Dec/2025 13:55:33] "GET /assets/image.png HTTP/1.1" 200 -
::1 - - [02/Dec/2025 13:55:33] "GET /assets/image%20copy.png HTTP/1.1" 200 -
::1 - - [02/Dec/2025 13:55:33] "GET /assets/image%20copy%202.png HTTP/1.1" 200 -
::1 - - [02/Dec/2025 13:56:13] "GET /pages/main.html HTTP/1.1" 304 -
::1 - - [02/Dec/2025 13:56:13] "GET /assets/image%20copy%202.png HTTP/1.1" 304 -
::1 - - [02/Dec/2025 13:56:13] "GET /assets/image.png HTTP/1.1" 304 -
::1 - - [02/Dec/2025 13:56:13] "GET /assets/image%20copy.png HTTP/1.1" 304 -
::1 - - [02/Dec/2025 13:56:35] "GET /pages/main.html HTTP/1.1" 304 -
::1 - - [02/Dec/2025 13:56:51] "GET /pages/main.html HTTP/1.1" 200 -
::1 - - [02/Dec/2025 13:56:51] "GET /assets/css/styles.css HTTP/1.1" 200 -
::1 - - [02/Dec/2025 13:56:51] "GET /assets/image%20copy%202.png HTTP/1.1" 304 -
::1 - - [02/Dec/2025 13:56:51] "GET /assets/image%20copy.png HTTP/1.1" 304 -
::1 - - [02/Dec/2025 13:56:51] "GET /assets/image.png HTTP/1.1" 304 -
::1 - - [02/Dec/2025 13:57:18] "GET /pages/main.html HTTP/1.1" 200 -
::1 - - [02/Dec/2025 13:57:18] "GET /assets/css/styles.css HTTP/1.1" 200 -
::1 - - [02/Dec/2025 13:57:50] "GET /pages/main.html HTTP/1.1" 200 -
::1 - - [02/Dec/2025 13:57:50] "GET /assets/css/styles.css HTTP/1.1" 200 -
::1 - - [02/Dec/2025 13:57:50] "GET /assets/image%20copy%202.png HTTP/1.1" 304 -
::1 - - [02/Dec/2025 13:57:50] "GET /assets/image.png HTTP/1.1" 304 -
::1 - - [02/Dec/2025 13:57:50] "GET /assets/image%20copy.png HTTP/1.1" 304 -
::1 - - [02/Dec/2025 13:58:10] "GET /assets/css/styles.css HTTP/1.1" 304 -
::1 - - [02/Dec/2025 13:58:11] "GET /pages/main.html HTTP/1.1" 304 -
::1 - - [02/Dec/2025 13:58:15] "GET /assets/css/styles.css HTTP/1.1" 304 -
::1 - - [02/Dec/2025 13:58:32] "GET /pages/main.html HTTP/1.1" 304 -
::1 - - [02/Dec/2025 13:58:32] "GET /assets/css/styles.css HTTP/1.1" 200 -
::1 - - [02/Dec/2025 13:58:32] "GET /assets/image%20copy.png HTTP/1.1" 304 -
::1 - - [02/Dec/2025 13:58:32] "GET /assets/image.png HTTP/1.1" 304 -
::1 - - [02/Dec/2025 13:58:32] "GET /assets/image%20copy%202.png HTTP/1.1" 304 -
::1 - - [02/Dec/2025 13:58:33] "GET /pages/main.html HTTP/1.1" 200 -
::1 - - [02/Dec/2025 13:58:33] "GET /assets/css/styles.css HTTP/1.1" 304 -
::1 - - [02/Dec/2025 13:58:45] "GET /assets/css/styles.css HTTP/1.1" 304 -
::1 - - [02/Dec/2025 13:58:51] "GET /pages/main.html HTTP/1.1" 304 -
::1 - - [02/Dec/2025 13:58:51] "GET /assets/css/styles.css HTTP/1.1" 304 -
::1 - - [02/Dec/2025 13:58:54] "GET /assets/css/styles.css HTTP/1.1" 304 -
::1 - - [02/Dec/2025 13:59:40] "GET /pages/main.html HTTP/1.1" 200 -
::1 - - [02/Dec/2025 13:59:40] "GET /assets/css/styles.css HTTP/1.1" 304 -
::1 - - [02/Dec/2025 13:59:40] "GET /assets/image%20copy%202.png HTTP/1.1" 304 -
::1 - - [02/Dec/2025 13:59:40] "GET /assets/image%20copy.png HTTP/1.1" 304 -
::1 - - [02/Dec/2025 13:59:40] "GET /assets/image.png HTTP/1.1" 304 -
::1 - - [02/Dec/2025 13:59:42] "GET /pages/main.html HTTP/1.1" 304 -
::1 - - [02/Dec/2025 14:00:11] "GET /assets/css/styles.css HTTP/1.1" 304 -
::1 - - [02/Dec/2025 14:00:25] "GET /pages/main.html HTTP/1.1" 200 -
::1 - - [02/Dec/2025 14:00:25] "GET /assets/css/styles.css HTTP/1.1" 304 -
::1 - - [02/Dec/2025 14:00:40] "GET /pages/main.html HTTP/1.1" 304 -
::1 - - [02/Dec/2025 14:00:40] "GET /assets/css/styles.css HTTP/1.1" 304 -
::1 - - [02/Dec/2025 14:00:40] "GET /assets/image.png HTTP/1.1" 304 -
::1 - - [02/Dec/2025 14:00:40] "GET /assets/image%20copy.png HTTP/1.1" 304 -
::1 - - [02/Dec/2025 14:00:40] "GET /assets/image%20copy%202.png HTTP/1.1" 304 -
::1 - - [02/Dec/2025 14:01:33] "GET /pages/main.html HTTP/1.1" 200 -
::1 - - [02/Dec/2025 14:01:33] "GET /assets/css/styles.css HTTP/1.1" 304 -
::1 - - [02/Dec/2025 14:01:33] "GET /assets/image%20copy%202.png HTTP/1.1" 304 -
::1 - - [02/Dec/2025 14:03:06] "GET /pages/main.html HTTP/1.1" 200 -
::1 - - [02/Dec/2025 14:03:06] "GET /assets/css/styles.css HTTP/1.1" 200 -
::1 - - [02/Dec/2025 14:03:06] "GET /assets/image%20copy%202.png HTTP/1.1" 304 -
::1 - - [02/Dec/2025 14:03:06] "GET /assets/image%20copy.png HTTP/1.1" 304 -
::1 - - [02/Dec/2025 14:03:06] "GET /assets/image.png HTTP/1.1" 304 -
::1 - - [02/Dec/2025 14:03:14] "GET /pages/index.html HTTP/1.1" 304 -
::1 - - [02/Dec/2025 14:03:15] "GET /assets/css/styles.css HTTP/1.1" 304 -
::1 - - [02/Dec/2025 14:04:15] "GET /assets/css/styles.css HTTP/1.1" 304 -
::1 - - [02/Dec/2025 14:04:18] "GET /pages/main.html HTTP/1.1" 304 -
::1 - - [02/Dec/2025 14:04:18] "GET /assets/image%20copy.png HTTP/1.1" 304 -
::1 - - [02/Dec/2025 14:04:18] "GET /assets/image%20copy%202.png HTTP/1.1" 304 -
::1 - - [02/Dec/2025 14:04:18] "GET /assets/image.png HTTP/1.1" 304 -
::1 - - [02/Dec/2025 14:04:37] "GET /pages/main.html HTTP/1.1" 200 -
::1 - - [02/Dec/2025 14:04:37] "GET /assets/css/styles.css HTTP/1.1" 304 -
::1 - - [02/Dec/2025 14:04:41] "GET /pages/main.html HTTP/1.1" 304 -
::1 - - [02/Dec/2025 14:04:49] "GET /pages/main.html HTTP/1.1" 304 -
::1 - - [02/Dec/2025 14:06:40] "GET /assets/image%20copy%202.png HTTP/1.1" 304 -
::1 - - [02/Dec/2025 14:06:40] "GET /assets/image%20copy.png HTTP/1.1" 304 -
::1 - - [02/Dec/2025 14:06:40] "GET /assets/image.png HTTP/1.1" 304 -
::1 - - [02/Dec/2025 14:08:08] "GET /pages/main.html HTTP/1.1" 200 -
::1 - - [02/Dec/2025 14:08:08] "GET /assets/css/styles.css HTTP/1.1" 304 -
::1 - - [02/Dec/2025 14:08:10] "GET /pages/main.html HTTP/1.1" 304 -
::1 - - [02/Dec/2025 14:08:10] "GET /assets/image%20copy%202.png HTTP/1.1" 304 -
::1 - - [02/Dec/2025 14:08:10] "GET /assets/image%20copy.png HTTP/1.1" 304 -
::1 - - [02/Dec/2025 14:08:12] "GET /pages/main.html HTTP/1.1" 304 -
::1 - - [02/Dec/2025 14:08:12] "GET /assets/image.png HTTP/1.1" 304 -
::1 - - [02/Dec/2025 14:08:24] "GET /pages/main.html HTTP/1.1" 304 -
::1 - - [02/Dec/2025 14:08:31] "GET /pages/main.html HTTP/1.1" 304 -
::1 - - [02/Dec/2025 14:08:42] "GET /pages/main.html HTTP/1.1" 304 -
::1 - - [02/Dec/2025 14:08:42] "GET /assets/css/styles.css HTTP/1.1" 304 -
::1 - - [02/Dec/2025 14:08:52] "GET /pages/main.html HTTP/1.1" 304 -
::1 - - [02/Dec/2025 14:09:53] "GET /assets/image%20copy%202.png HTTP/1.1" 304 -
::1 - - [02/Dec/2025 14:09:53] "GET /assets/image%20copy.png HTTP/1.1" 304 -
::1 - - [02/Dec/2025 14:09:57] "GET /assets/image.png HTTP/1.1" 304 -
::1 - - [02/Dec/2025 14:10:09] "GET /pages/main.html HTTP/1.1" 200 -
::1 - - [02/Dec/2025 14:10:09] "GET /assets/css/styles.css HTTP/1.1" 304 -
::1 - - [02/Dec/2025 14:12:07] "GET /pages/main.html HTTP/1.1" 200 -
::1 - - [02/Dec/2025 14:12:07] "GET /assets/css/styles.css HTTP/1.1" 304 -
::1 - - [02/Dec/2025 14:12:07] "GET /assets/image.png HTTP/1.1" 304 -
::1 - - [02/Dec/2025 14:12:07] "GET /assets/image%20copy%202.png HTTP/1.1" 304 -
::1 - - [02/Dec/2025 14:12:07] "GET /assets/image%20copy.png HTTP/1.1" 304 -
::1 - - [02/Dec/2025 14:12:55] "GET /pages/main.html HTTP/1.1" 200 -
::1 - - [02/Dec/2025 14:13:49] "GET /pages/main.html HTTP/1.1" 200 -
::1 - - [02/Dec/2025 14:13:49] "GET /assets/css/styles.css HTTP/1.1" 304 -
::1 - - [02/Dec/2025 14:14:03] "GET /pages/main.html HTTP/1.1" 304 -
::1 - - [02/Dec/2025 14:14:44] "GET /pages/main.html HTTP/1.1" 304 -
::1 - - [02/Dec/2025 14:14:44] "GET /assets/image%20copy.png HTTP/1.1" 304 -
::1 - - [02/Dec/2025 14:14:44] "GET /assets/image%20copy%202.png HTTP/1.1" 304 -
::1 - - [02/Dec/2025 14:14:44] "GET /assets/image.png HTTP/1.1" 304 -
::1 - - [02/Dec/2025 14:14:54] "GET /pages/main.html HTTP/1.1" 200 -
::1 - - [02/Dec/2025 14:15:03] "GET /pages/main.html HTTP/1.1" 304 -
::1 - - [02/Dec/2025 14:15:03] "GET /assets/css/styles.css HTTP/1.1" 304 -
::1 - - [02/Dec/2025 14:15:10] "GET /pages/main.html HTTP/1.1" 304 -
::1 - - [02/Dec/2025 14:16:09] "GET /pages/main.html HTTP/1.1" 200 -
::1 - - [02/Dec/2025 14:16:21] "GET /pages/main.html HTTP/1.1" 304 -
::1 - - [02/Dec/2025 14:16:21] "GET /assets/css/styles.css HTTP/1.1" 304 -
::1 - - [02/Dec/2025 14:17:08] "GET /pages/main.html HTTP/1.1" 200 -
::1 - - [02/Dec/2025 14:17:08] "GET /assets/image%20copy.png HTTP/1.1" 304 -
::1 - - [02/Dec/2025 14:17:08] "GET /assets/image.png HTTP/1.1" 304 -
::1 - - [02/Dec/2025 14:17:08] "GET /assets/image%20copy%202.png HTTP/1.1" 304 -
::1 - - [02/Dec/2025 14:17:19] "GET /pages/main.html HTTP/1.1" 304 -
::1 - - [02/Dec/2025 14:18:33] "GET /pages/main.html HTTP/1.1" 200 -
::1 - - [02/Dec/2025 14:18:33] "GET /assets/css/styles.css HTTP/1.1" 304 -
::1 - - [02/Dec/2025 14:19:15] "GET /pages/main.html HTTP/1.1" 200 -
::1 - - [02/Dec/2025 14:19:16] "GET /pages/main.html HTTP/1.1" 200 -
::1 - - [02/Dec/2025 14:19:24] "GET /pages/main.html HTTP/1.1" 304 -
::1 - - [02/Dec/2025 14:19:34] "GET /pages/main.html HTTP/1.1" 304 -
::1 - - [02/Dec/2025 14:20:16] "GET /pages/main.html HTTP/1.1" 304 -
::1 - - [02/Dec/2025 14:20:16] "GET /assets/css/styles.css HTTP/1.1" 304 -
::1 - - [02/Dec/2025 14:20:16] "GET /assets/image%20copy%202.png HTTP/1.1" 304 -
::1 - - [02/Dec/2025 14:20:16] "GET /assets/image%20copy.png HTTP/1.1" 304 -
::1 - - [02/Dec/2025 14:20:16] "GET /assets/image.png HTTP/1.1" 304 -
::1 - - [02/Dec/2025 14:21:28] "GET /pages/main.html HTTP/1.1" 200 -
::1 - - [02/Dec/2025 14:23:10] "GET /pages/main.html HTTP/1.1" 200 -
::1 - - [02/Dec/2025 14:23:10] "GET /assets/css/styles.css HTTP/1.1" 304 -
::1 - - [02/Dec/2025 14:23:10] "GET /assets/image%20copy%202.png HTTP/1.1" 304 -
::1 - - [02/Dec/2025 14:23:10] "GET /assets/image%20copy.png HTTP/1.1" 304 -
::1 - - [02/Dec/2025 14:23:10] "GET /assets/image.png HTTP/1.1" 304 -
::1 - - [02/Dec/2025 14:23:34] "GET /pages/main.html HTTP/1.1" 304 -
::1 - - [02/Dec/2025 14:26:00] "GET /pages/main.html HTTP/1.1" 200 -
::1 - - [02/Dec/2025 14:26:00] "GET /assets/css/styles.css HTTP/1.1" 304 -
::1 - - [02/Dec/2025 14:26:15] "GET /pages/main.html HTTP/1.1" 304 -
::1 - - [02/Dec/2025 14:26:19] "GET /pages/main.html HTTP/1.1" 304 -
::1 - - [02/Dec/2025 14:26:19] "GET /assets/image%20copy%202.png HTTP/1.1" 304 -
::1 - - [02/Dec/2025 14:26:19] "GET /assets/image%20copy.png HTTP/1.1" 304 -
::1 - - [02/Dec/2025 14:26:24] "GET /assets/image.png HTTP/1.1" 304 -
::1 - - [02/Dec/2025 14:26:34] "GET /pages/login.html HTTP/1.1" 304 -
