::1 - - [02/Dec/2025 17:45:09] "GET /pages/main-new.html HTTP/1.1" 304 -
::1 - - [02/Dec/2025 17:45:09] "GET /assets/css/styles.css HTTP/1.1" 304 -
::1 - - [02/Dec/2025 17:45:09] "GET /assets/js/render.js HTTP/1.1" 304 -
::1 - - [02/Dec/2025 17:45:09] "GET /assets/js/views.js HTTP/1.1" 304 -
::1 - - [02/Dec/2025 17:45:09] "GET /assets/js/feeds.js HTTP/1.1" 304 -
::1 - - [02/Dec/2025 17:45:09] "GET /assets/js/learn-more.js HTTP/1.1" 304 -
::1 - - [02/Dec/2025 17:45:10] "GET /pages/login.html HTTP/1.1" 304 -
::1 - - [02/Dec/2025 17:45:14] "GET /pages/signup.html HTTP/1.1" 304 -
::1 - - [02/Dec/2025 17:45:28] "GET /assets/js/feeds.js HTTP/1.1" 304 -
::1 - - [02/Dec/2025 17:46:03] "GET /assets/js/feeds.js HTTP/1.1" 200 -
::1 - - [02/Dec/2025 17:46:25] "GET /pages/main-new.html HTTP/1.1" 304 -
::1 - - [02/Dec/2025 17:46:25] "GET /assets/css/styles.css HTTP/1.1" 304 -
::1 - - [02/Dec/2025 17:46:25] "GET /assets/js/data.js HTTP/1.1" 304 -
::1 - - [02/Dec/2025 17:46:25] "GET /assets/js/render.js HTTP/1.1" 304 -
::1 - - [02/Dec/2025 17:46:25] "GET /assets/js/details.js HTTP/1.1" 304 -
::1 - - [02/Dec/2025 17:46:25] "GET /assets/js/views.js HTTP/1.1" 304 -
::1 - - [02/Dec/2025 17:46:25] "GET /assets/image%20copy%204.png HTTP/1.1" 304 -
::1 - - [02/Dec/2025 17:46:25] "GET /assets/js/learn-more.js HTTP/1.1" 304 -
::1 - - [02/Dec/2025 17:46:25] "GET /assets/js/feeds.js HTTP/1.1" 304 -
::1 - - [02/Dec/2025 17:46:33] "GET /pages/main-new.html HTTP/1.1" 200 -
::1 - - [02/Dec/2025 17:46:37] "GET /assets/css/styles.css HTTP/1.1" 200 -
::1 - - [02/Dec/2025 17:46:37] "GET /assets/js/storage.js HTTP/1.1" 200 -
::1 - - [02/Dec/2025 17:46:37] "GET /assets/js/api.js HTTP/1.1" 200 -
::1 - - [02/Dec/2025 17:46:37] "GET /assets/js/data.js HTTP/1.1" 200 -
::1 - - [02/Dec/2025 17:46:37] "GET /assets/js/ui.js HTTP/1.1" 200 -
::1 - - [02/Dec/2025 17:46:37] "GET /assets/js/render.js HTTP/1.1" 200 -
::1 - - [02/Dec/2025 17:46:37] "GET /assets/js/app.js HTTP/1.1" 200 -
::1 - - [02/Dec/2025 17:46:37] "GET /assets/js/views.js HTTP/1.1" 200 -
::1 - - [02/Dec/2025 17:46:37] "GET /assets/js/details.js HTTP/1.1" 200 -
::1 - - [02/Dec/2025 17:46:37] "GET /assets/js/feeds.js HTTP/1.1" 200 -
::1 - - [02/Dec/2025 17:46:37] "GET /assets/js/learn-more.js HTTP/1.1" 200 -
::1 - - [02/Dec/2025 17:46:37] "GET /assets/image.png HTTP/1.1" 200 -
::1 - - [02/Dec/2025 17:46:37] "GET /assets/image%20copy.png HTTP/1.1" 200 -
::1 - - [02/Dec/2025 17:46:37] "GET /assets/image%20copy%202.png HTTP/1.1" 200 -
::1 - - [02/Dec/2025 17:46:37] "GET /assets/image%20copy%204.png HTTP/1.1" 200 -
::1 - - [02/Dec/2025 17:46:37] "GET /assets/image%20copy%203.png HTTP/1.1" 200 -
::1 - - [02/Dec/2025 17:46:37] code 404, message File not found
::1 - - [02/Dec/2025 17:46:37] "GET /favicon.ico HTTP/1.1" 404 -
::1 - - [02/Dec/2025 17:46:37] "GET /pages/login.html HTTP/1.1" 200 -
::1 - - [02/Dec/2025 17:47:40] "HEAD /assets/js/feeds.js HTTP/1.1" 200 -
::1 - - [02/Dec/2025 17:47:54] "GET /pages/main-new.html HTTP/1.1" 200 -
::1 - - [02/Dec/2025 17:47:54] "GET /assets/css/styles.css HTTP/1.1" 304 -
::1 - - [02/Dec/2025 17:47:54] "GET /assets/js/storage.js HTTP/1.1" 304 -
::1 - - [02/Dec/2025 17:47:54] "GET /assets/js/app.js HTTP/1.1" 304 -
::1 - - [02/Dec/2025 17:47:54] "GET /assets/js/api.js HTTP/1.1" 304 -
::1 - - [02/Dec/2025 17:47:54] "GET /assets/js/ui.js HTTP/1.1" 304 -
::1 - - [02/Dec/2025 17:47:54] "GET /assets/js/feeds.js?v=2 HTTP/1.1" 200 -
::1 - - [02/Dec/2025 17:47:54] "GET /assets/js/render.js HTTP/1.1" 304 -
::1 - - [02/Dec/2025 17:47:54] "GET /assets/js/learn-more.js HTTP/1.1" 304 -
::1 - - [02/Dec/2025 17:47:54] "GET /assets/js/views.js HTTP/1.1" 304 -
::1 - - [02/Dec/2025 17:48:42] "GET /pages/main-new.html HTTP/1.1" 304 -
::1 - - [02/Dec/2025 17:48:42] "GET /assets/js/data.js HTTP/1.1" 304 -
::1 - - [02/Dec/2025 17:48:42] "GET /assets/js/details.js HTTP/1.1" 304 -
::1 - - [02/Dec/2025 17:48:42] "GET /assets/js/feeds.js HTTP/1.1" 304 -
::1 - - [02/Dec/2025 17:48:42] "GET /assets/image%20copy%204.png HTTP/1.1" 304 -
::1 - - [02/Dec/2025 17:48:42] "GET /assets/js/feeds.js?v=2 HTTP/1.1" 304 -
::1 - - [02/Dec/2025 17:48:42] "GET /pages/login.html HTTP/1.1" 304 -
::1 - - [02/Dec/2025 17:48:50] "GET /pages/main-new.html HTTP/1.1" 304 -
::1 - - [02/Dec/2025 17:49:22] "GET /pages/main-new.html HTTP/1.1" 200 -
::1 - - [02/Dec/2025 17:49:22] "GET /assets/css/styles.css HTTP/1.1" 304 -
::1 - - [02/Dec/2025 17:49:22] "GET /assets/js/render.js HTTP/1.1" 304 -
::1 - - [02/Dec/2025 17:49:22] "GET /assets/js/feeds.js?v=2 HTTP/1.1" 304 -
::1 - - [02/Dec/2025 17:49:22] "GET /assets/js/views.js HTTP/1.1" 304 -
::1 - - [02/Dec/2025 17:50:11] code 404, message File not found
::1 - - [02/Dec/2025 17:50:11] code 404, message File not found
::1 - - [02/Dec/2025 17:50:11] code 404, message File not found
::1 - - [02/Dec/2025 17:50:11] "GET /apple-touch-icon.png HTTP/1.1" 404 -
::1 - - [02/Dec/2025 17:50:11] "GET /favicon.ico HTTP/1.1" 404 -
::1 - - [02/Dec/2025 17:50:11] "GET /apple-touch-icon-precomposed.png HTTP/1.1" 404 -
::1 - - [02/Dec/2025 17:50:15] "GET /pages/main-new.html HTTP/1.1" 200 -
::1 - - [02/Dec/2025 17:50:15] "GET /assets/css/styles.css HTTP/1.1" 200 -
::1 - - [02/Dec/2025 17:50:15] "GET /assets/js/api.js HTTP/1.1" 200 -
::1 - - [02/Dec/2025 17:50:15] "GET /assets/js/data.js HTTP/1.1" 200 -
::1 - - [02/Dec/2025 17:50:15] "GET /assets/js/storage.js HTTP/1.1" 200 -
::1 - - [02/Dec/2025 17:50:15] "GET /assets/js/ui.js HTTP/1.1" 200 -
::1 - - [02/Dec/2025 17:50:15] "GET /assets/js/render.js HTTP/1.1" 200 -
::1 - - [02/Dec/2025 17:50:15] "GET /assets/js/app.js HTTP/1.1" 200 -
::1 - - [02/Dec/2025 17:50:15] "GET /assets/js/views.js HTTP/1.1" 200 -
::1 - - [02/Dec/2025 17:50:15] "GET /assets/js/learn-more.js HTTP/1.1" 200 -
::1 - - [02/Dec/2025 17:50:15] "GET /assets/js/feeds.js?v=2 HTTP/1.1" 200 -
::1 - - [02/Dec/2025 17:50:15] "GET /assets/js/details.js HTTP/1.1" 200 -
::1 - - [02/Dec/2025 17:50:15] "GET /assets/image.png HTTP/1.1" 200 -
::1 - - [02/Dec/2025 17:50:15] "GET /assets/image%20copy.png HTTP/1.1" 200 -
::1 - - [02/Dec/2025 17:50:15] "GET /assets/image%20copy%202.png HTTP/1.1" 200 -
::1 - - [02/Dec/2025 17:50:15] "GET /assets/image%20copy%203.png HTTP/1.1" 200 -
::1 - - [02/Dec/2025 17:50:15] "GET /assets/image%20copy%204.png HTTP/1.1" 200 -
::1 - - [02/Dec/2025 17:50:15] "GET /pages/login.html HTTP/1.1" 200 -
::1 - - [02/Dec/2025 17:50:24] "GET /pages/main-new.html HTTP/1.1" 200 -
::1 - - [02/Dec/2025 17:52:25] "GET /pages/main-new.html HTTP/1.1" 200 -
::1 - - [02/Dec/2025 17:52:25] "GET /assets/css/styles.css HTTP/1.1" 304 -
::1 - - [02/Dec/2025 17:52:25] "GET /assets/js/views.js HTTP/1.1" 304 -
::1 - - [02/Dec/2025 17:52:25] "GET /assets/js/render.js HTTP/1.1" 304 -
::1 - - [02/Dec/2025 17:52:25] "GET /assets/js/learn-more.js HTTP/1.1" 304 -
::1 - - [02/Dec/2025 17:52:25] "GET /assets/js/feeds-v2.js HTTP/1.1" 200 -
::1 - - [02/Dec/2025 17:52:31] "GET /pages/main-new.html HTTP/1.1" 200 -
::1 - - [02/Dec/2025 17:52:31] "GET /assets/js/feeds-v2.js HTTP/1.1" 304 -
::1 - - [02/Dec/2025 17:52:56] "HEAD /assets/js/feeds-v2.js HTTP/1.1" 200 -
::1 - - [02/Dec/2025 17:53:18] "GET /pages/main-new.html HTTP/1.1" 200 -
::1 - - [02/Dec/2025 17:53:18] "GET /assets/js/api.js HTTP/1.1" 200 -
::1 - - [02/Dec/2025 17:53:18] "GET /assets/css/styles.css HTTP/1.1" 200 -
::1 - - [02/Dec/2025 17:53:18] "GET /assets/js/storage.js HTTP/1.1" 200 -
::1 - - [02/Dec/2025 17:53:18] "GET /assets/js/ui.js HTTP/1.1" 200 -
::1 - - [02/Dec/2025 17:53:18] "GET /assets/js/render.js HTTP/1.1" 200 -
::1 - - [02/Dec/2025 17:53:18] "GET /assets/js/data.js HTTP/1.1" 200 -
::1 - - [02/Dec/2025 17:53:18] "GET /assets/js/views.js HTTP/1.1" 200 -
::1 - - [02/Dec/2025 17:53:18] "GET /assets/js/app.js HTTP/1.1" 200 -
::1 - - [02/Dec/2025 17:53:18] "GET /assets/js/details.js HTTP/1.1" 200 -
::1 - - [02/Dec/2025 17:53:18] "GET /assets/js/learn-more.js HTTP/1.1" 200 -
::1 - - [02/Dec/2025 17:53:18] "GET /assets/js/feeds-v2.js HTTP/1.1" 200 -
::1 - - [02/Dec/2025 17:53:18] "GET /assets/image%20copy.png HTTP/1.1" 200 -
::1 - - [02/Dec/2025 17:53:18] "GET /assets/image.png HTTP/1.1" 200 -
::1 - - [02/Dec/2025 17:53:18] "GET /assets/image%20copy%202.png HTTP/1.1" 200 -
::1 - - [02/Dec/2025 17:53:18] "GET /assets/image%20copy%204.png HTTP/1.1" 200 -
::1 - - [02/Dec/2025 17:53:18] "GET /assets/image%20copy%203.png HTTP/1.1" 200 -
::1 - - [02/Dec/2025 17:53:18] "GET /pages/login.html HTTP/1.1" 200 -
::1 - - [02/Dec/2025 17:53:36] "GET /pages/main-new.html HTTP/1.1" 200 -
::1 - - [02/Dec/2025 17:53:36] "GET /assets/js/data.js HTTP/1.1" 304 -
::1 - - [02/Dec/2025 17:53:36] "GET /assets/js/details.js HTTP/1.1" 304 -
::1 - - [02/Dec/2025 17:53:36] "GET /assets/image%20copy%204.png HTTP/1.1" 304 -
::1 - - [02/Dec/2025 17:53:43] "GET /pages/main-new.html HTTP/1.1" 200 -
::1 - - [02/Dec/2025 17:53:43] "GET /assets/js/api.js HTTP/1.1" 304 -
::1 - - [02/Dec/2025 17:53:43] "GET /assets/js/storage.js HTTP/1.1" 304 -
::1 - - [02/Dec/2025 17:53:43] "GET /assets/js/data.js HTTP/1.1" 304 -
::1 - - [02/Dec/2025 17:53:43] "GET /assets/css/styles.css HTTP/1.1" 304 -
::1 - - [02/Dec/2025 17:53:43] "GET /assets/js/render.js HTTP/1.1" 304 -
::1 - - [02/Dec/2025 17:53:43] "GET /assets/js/ui.js HTTP/1.1" 304 -
::1 - - [02/Dec/2025 17:53:43] "GET /assets/js/app.js HTTP/1.1" 304 -
::1 - - [02/Dec/2025 17:53:43] "GET /assets/js/details.js HTTP/1.1" 304 -
::1 - - [02/Dec/2025 17:53:43] "GET /assets/js/learn-more.js HTTP/1.1" 304 -
::1 - - [02/Dec/2025 17:53:43] "GET /assets/js/views.js HTTP/1.1" 304 -
::1 - - [02/Dec/2025 17:53:43] "GET /assets/image%20copy%204.png HTTP/1.1" 304 -
::1 - - [02/Dec/2025 17:53:43] "GET /assets/image%20copy.png HTTP/1.1" 304 -
::1 - - [02/Dec/2025 17:53:43] "GET /assets/image%20copy%203.png HTTP/1.1" 304 -
::1 - - [02/Dec/2025 17:53:43] "GET /assets/image%20copy%202.png HTTP/1.1" 304 -
::1 - - [02/Dec/2025 17:53:43] "GET /assets/image.png HTTP/1.1" 304 -
::1 - - [02/Dec/2025 17:53:58] "GET /pages/main-new.html HTTP/1.1" 200 -
::1 - - [02/Dec/2025 17:54:14] "GET /pages/main-new.html HTTP/1.1" 200 -
::1 - - [02/Dec/2025 17:55:02] "GET /pages/main-new.html HTTP/1.1" 304 -
::1 - - [02/Dec/2025 17:56:10] "GET /pages/main-new.html HTTP/1.1" 200 -
::1 - - [02/Dec/2025 17:56:10] "GET /assets/js/storage.js HTTP/1.1" 304 -
::1 - - [02/Dec/2025 17:56:10] "GET /assets/css/styles.css HTTP/1.1" 304 -
::1 - - [02/Dec/2025 17:56:10] "GET /assets/js/api.js HTTP/1.1" 304 -
::1 - - [02/Dec/2025 17:56:10] "GET /assets/js/render.js HTTP/1.1" 304 -
::1 - - [02/Dec/2025 17:56:10] "GET /assets/js/app.js HTTP/1.1" 304 -
::1 - - [02/Dec/2025 17:56:10] "GET /assets/js/ui.js HTTP/1.1" 304 -
::1 - - [02/Dec/2025 17:56:10] "GET /assets/js/views.js HTTP/1.1" 304 -
::1 - - [02/Dec/2025 17:56:10] "GET /assets/js/learn-more.js HTTP/1.1" 304 -
::1 - - [02/Dec/2025 17:56:10] "GET /assets/js/details.js HTTP/1.1" 304 -
::1 - - [02/Dec/2025 17:56:10] "GET /assets/js/data.js HTTP/1.1" 304 -
::1 - - [02/Dec/2025 17:56:10] "GET /assets/image%20copy%204.png HTTP/1.1" 304 -
::1 - - [02/Dec/2025 17:56:11] "GET /pages/main-new.html HTTP/1.1" 304 -
::1 - - [02/Dec/2025 17:56:12] "GET /pages/main-new.html HTTP/1.1" 304 -
::1 - - [02/Dec/2025 17:56:24] "GET /pages/main-new.html HTTP/1.1" 304 -
::1 - - [02/Dec/2025 17:56:29] "GET /pages/main-new.html HTTP/1.1" 304 -
::1 - - [02/Dec/2025 17:56:30] "GET /pages/main-new.html HTTP/1.1" 304 -
::1 - - [02/Dec/2025 17:56:58] "GET /pages/main-new.html HTTP/1.1" 200 -
::1 - - [02/Dec/2025 17:56:58] "GET /assets/css/styles.css HTTP/1.1" 200 -
::1 - - [02/Dec/2025 17:56:58] "GET /assets/js/api.js HTTP/1.1" 200 -
::1 - - [02/Dec/2025 17:56:58] "GET /assets/js/ui.js HTTP/1.1" 200 -
::1 - - [02/Dec/2025 17:56:58] "GET /assets/js/storage.js HTTP/1.1" 200 -
::1 - - [02/Dec/2025 17:56:58] "GET /assets/js/render.js HTTP/1.1" 200 -
::1 - - [02/Dec/2025 17:56:58] "GET /assets/js/data.js HTTP/1.1" 200 -
::1 - - [02/Dec/2025 17:56:58] "GET /assets/js/app.js HTTP/1.1" 200 -
::1 - - [02/Dec/2025 17:56:58] "GET /assets/js/details.js HTTP/1.1" 200 -
::1 - - [02/Dec/2025 17:56:58] "GET /assets/js/views.js HTTP/1.1" 200 -
::1 - - [02/Dec/2025 17:56:58] "GET /assets/js/learn-more.js HTTP/1.1" 200 -
::1 - - [02/Dec/2025 17:56:58] "GET /assets/image.png HTTP/1.1" 200 -
::1 - - [02/Dec/2025 17:56:58] "GET /assets/image%20copy.png HTTP/1.1" 200 -
::1 - - [02/Dec/2025 17:56:58] "GET /assets/image%20copy%202.png HTTP/1.1" 200 -
::1 - - [02/Dec/2025 17:56:58] "GET /assets/image%20copy%203.png HTTP/1.1" 200 -
::1 - - [02/Dec/2025 17:56:58] "GET /assets/image%20copy%204.png HTTP/1.1" 200 -
::1 - - [02/Dec/2025 17:56:58] "GET /pages/login.html HTTP/1.1" 200 -
::1 - - [02/Dec/2025 17:57:06] "GET /pages/main-new.html HTTP/1.1" 200 -
::1 - - [02/Dec/2025 17:57:06] "GET /assets/css/styles.css HTTP/1.1" 200 -
::1 - - [02/Dec/2025 17:57:06] "GET /assets/js/render.js HTTP/1.1" 200 -
::1 - - [02/Dec/2025 17:57:06] "GET /assets/js/data.js HTTP/1.1" 200 -
::1 - - [02/Dec/2025 17:57:06] "GET /assets/js/ui.js HTTP/1.1" 200 -
::1 - - [02/Dec/2025 17:57:06] "GET /assets/js/api.js HTTP/1.1" 200 -
::1 - - [02/Dec/2025 17:57:06] "GET /assets/js/storage.js HTTP/1.1" 200 -
::1 - - [02/Dec/2025 17:57:06] "GET /assets/js/app.js HTTP/1.1" 200 -
::1 - - [02/Dec/2025 17:57:06] "GET /assets/js/views.js HTTP/1.1" 200 -
::1 - - [02/Dec/2025 17:57:06] "GET /assets/js/details.js HTTP/1.1" 200 -
::1 - - [02/Dec/2025 17:57:06] "GET /assets/js/learn-more.js HTTP/1.1" 200 -
::1 - - [02/Dec/2025 17:57:06] "GET /assets/image.png HTTP/1.1" 200 -
::1 - - [02/Dec/2025 17:57:06] "GET /assets/image%20copy.png HTTP/1.1" 200 -
::1 - - [02/Dec/2025 17:57:06] "GET /assets/image%20copy%202.png HTTP/1.1" 200 -
::1 - - [02/Dec/2025 17:57:06] "GET /assets/image%20copy%203.png HTTP/1.1" 200 -
::1 - - [02/Dec/2025 17:57:06] "GET /assets/image%20copy%204.png HTTP/1.1" 200 -
::1 - - [02/Dec/2025 17:57:06] "GET /pages/login.html HTTP/1.1" 200 -
::1 - - [02/Dec/2025 17:57:14] "GET /pages/signup.html HTTP/1.1" 200 -
::1 - - [02/Dec/2025 17:57:35] "GET /pages/main-new.html HTTP/1.1" 200 -
::1 - - [02/Dec/2025 17:59:05] "GET /pages/main-new.html HTTP/1.1" 200 -
::1 - - [02/Dec/2025 17:59:05] "GET /assets/js/views.js HTTP/1.1" 200 -
::1 - - [02/Dec/2025 18:02:01] "GET /pages/main-new.html HTTP/1.1" 200 -
::1 - - [02/Dec/2025 18:02:01] "GET /assets/css/styles.css HTTP/1.1" 304 -
::1 - - [02/Dec/2025 18:02:01] "GET /assets/js/data.js HTTP/1.1" 304 -
::1 - - [02/Dec/2025 18:02:01] "GET /assets/js/render.js HTTP/1.1" 304 -
::1 - - [02/Dec/2025 18:02:01] "GET /assets/js/views.js HTTP/1.1" 304 -
::1 - - [02/Dec/2025 18:02:01] "GET /assets/js/ui.js HTTP/1.1" 304 -
::1 - - [02/Dec/2025 18:02:01] "GET /assets/js/details.js HTTP/1.1" 304 -
::1 - - [02/Dec/2025 18:02:01] "GET /assets/js/app.js HTTP/1.1" 304 -
::1 - - [02/Dec/2025 18:02:01] "GET /assets/js/learn-more.js HTTP/1.1" 304 -
::1 - - [02/Dec/2025 18:02:03] "GET /assets/image%20copy%204.png HTTP/1.1" 304 -
::1 - - [02/Dec/2025 18:03:35] "GET /pages/main-new.html HTTP/1.1" 200 -
::1 - - [02/Dec/2025 18:03:35] "GET /assets/js/api.js HTTP/1.1" 304 -
::1 - - [02/Dec/2025 18:03:35] "GET /assets/js/storage.js HTTP/1.1" 304 -
::1 - - [02/Dec/2025 18:03:35] "GET /assets/js/views.js HTTP/1.1" 304 -
::1 - - [02/Dec/2025 18:05:49] "GET /pages/main-new.html HTTP/1.1" 200 -
::1 - - [02/Dec/2025 18:05:49] "GET /assets/css/styles.css HTTP/1.1" 304 -
::1 - - [02/Dec/2025 18:05:49] "GET /assets/js/views.js HTTP/1.1" 304 -
::1 - - [02/Dec/2025 18:05:49] "GET /assets/js/details.js HTTP/1.1" 304 -
::1 - - [02/Dec/2025 18:05:49] "GET /assets/js/learn-more.js HTTP/1.1" 304 -
::1 - - [02/Dec/2025 18:05:49] "GET /assets/js/data.js HTTP/1.1" 304 -
::1 - - [02/Dec/2025 18:05:49] "GET /assets/js/render.js HTTP/1.1" 304 -
::1 - - [02/Dec/2025 18:05:52] "GET /assets/image.png HTTP/1.1" 200 -
::1 - - [02/Dec/2025 18:05:52] "GET /assets/image%20copy.png HTTP/1.1" 200 -
::1 - - [02/Dec/2025 18:05:52] "GET /assets/image%20copy%202.png HTTP/1.1" 200 -
::1 - - [02/Dec/2025 18:05:52] "GET /assets/image%20copy%203.png HTTP/1.1" 200 -
::1 - - [02/Dec/2025 18:05:52] "GET /assets/image%20copy%204.png HTTP/1.1" 200 -
::1 - - [02/Dec/2025 18:09:39] "GET /pages/main-new.html HTTP/1.1" 200 -
::1 - - [02/Dec/2025 18:09:39] "GET /assets/css/styles.css HTTP/1.1" 304 -
::1 - - [02/Dec/2025 18:09:39] "GET /assets/js/storage.js HTTP/1.1" 304 -
::1 - - [02/Dec/2025 18:09:39] "GET /assets/js/api.js HTTP/1.1" 304 -
::1 - - [02/Dec/2025 18:09:40] "GET /assets/js/ui.js HTTP/1.1" 304 -
::1 - - [02/Dec/2025 18:09:40] "GET /assets/js/app.js HTTP/1.1" 304 -
::1 - - [02/Dec/2025 18:09:40] "GET /assets/js/views.js HTTP/1.1" 304 -
::1 - - [02/Dec/2025 18:09:40] "GET /assets/js/render.js HTTP/1.1" 304 -
::1 - - [02/Dec/2025 18:09:40] "GET /assets/js/learn-more.js HTTP/1.1" 304 -
